<?xml version="1.0" encoding="UTF-8"?>
<testng-results ignored="0" total="3" passed="3" failed="0" skipped="0">
  <reporter-output>
  </reporter-output>
  <suite started-at="2023-10-20T14:50:41 IST" name="Suite" finished-at="2023-10-20T14:51:51 IST" duration-ms="69431">
    <groups>
      <group name="regression">
        <method signature="ToCreateAnOpportunity.createOpportunity()[pri:0, instance:opportunity_Module.ToCreateAnOpportunity@221a3fa4]" name="createOpportunity" class="opportunity_Module.ToCreateAnOpportunity"/>
        <method signature="ToCreateAProductTest.toCreateAProductWithVendorInformationTest()[pri:2, instance:product_Module.ToCreateAProductTest@7188af83]" name="toCreateAProductWithVendorInformationTest" class="product_Module.ToCreateAProductTest"/>
      </group> <!-- regression -->
      <group name="smoke">
        <method signature="ToCreateLeadTest.toCreateALeadAndToVerifyTheLeadInformationTest()[pri:1, instance:leads_Module.ToCreateLeadTest@59402b8f]" name="toCreateALeadAndToVerifyTheLeadInformationTest" class="leads_Module.ToCreateLeadTest"/>
      </group> <!-- smoke -->
    </groups>
    <test started-at="2023-10-20T14:50:41 IST" name="Test" finished-at="2023-10-20T14:51:51 IST" duration-ms="69431">
      <class name="opportunity_Module.ToCreateAnOpportunity">
        <test-method is-config="true" signature="bsConfig()[pri:0, instance:opportunity_Module.ToCreateAnOpportunity@221a3fa4]" started-at="2023-10-20T14:50:41 IST" name="bsConfig" finished-at="2023-10-20T14:50:41 IST" duration-ms="594" status="PASS">
          <reporter-output>
          </reporter-output>
        </test-method> <!-- bsConfig -->
        <test-method is-config="true" signature="bcConfig()[pri:0, instance:opportunity_Module.ToCreateAnOpportunity@221a3fa4]" started-at="2023-10-20T14:50:42 IST" name="bcConfig" finished-at="2023-10-20T14:50:46 IST" duration-ms="4563" status="PASS">
          <reporter-output>
          </reporter-output>
        </test-method> <!-- bcConfig -->
        <test-method is-config="true" signature="bmConfig()[pri:0, instance:opportunity_Module.ToCreateAnOpportunity@221a3fa4]" started-at="2023-10-20T14:50:46 IST" name="bmConfig" finished-at="2023-10-20T14:50:53 IST" duration-ms="6731" status="PASS">
          <reporter-output>
          </reporter-output>
        </test-method> <!-- bmConfig -->
        <test-method signature="createOpportunity()[pri:0, instance:opportunity_Module.ToCreateAnOpportunity@221a3fa4]" started-at="2023-10-20T14:50:53 IST" name="createOpportunity" finished-at="2023-10-20T14:50:53 IST" duration-ms="24" status="PASS">
          <reporter-output>
          </reporter-output>
        </test-method> <!-- createOpportunity -->
        <test-method is-config="true" signature="amConfig()[pri:0, instance:opportunity_Module.ToCreateAnOpportunity@221a3fa4]" started-at="2023-10-20T14:50:53 IST" name="amConfig" finished-at="2023-10-20T14:50:55 IST" duration-ms="2202" status="PASS">
          <reporter-output>
          </reporter-output>
        </test-method> <!-- amConfig -->
        <test-method is-config="true" signature="acConfig()[pri:0, instance:opportunity_Module.ToCreateAnOpportunity@221a3fa4]" started-at="2023-10-20T14:50:55 IST" name="acConfig" finished-at="2023-10-20T14:50:56 IST" duration-ms="524" status="PASS">
          <reporter-output>
          </reporter-output>
        </test-method> <!-- acConfig -->
        <test-method is-config="true" signature="asConfig()[pri:0, instance:opportunity_Module.ToCreateAnOpportunity@221a3fa4]" started-at="2023-10-20T14:51:51 IST" name="asConfig" finished-at="2023-10-20T14:51:51 IST" duration-ms="0" status="PASS">
          <reporter-output>
          </reporter-output>
        </test-method> <!-- asConfig -->
      </class> <!-- opportunity_Module.ToCreateAnOpportunity -->
      <class name="leads_Module.ToCreateLeadTest">
        <test-method is-config="true" signature="bcConfig()[pri:0, instance:leads_Module.ToCreateLeadTest@59402b8f]" started-at="2023-10-20T14:50:56 IST" name="bcConfig" finished-at="2023-10-20T14:50:58 IST" duration-ms="2586" status="PASS">
          <reporter-output>
          </reporter-output>
        </test-method> <!-- bcConfig -->
        <test-method is-config="true" signature="bmConfig()[pri:0, instance:leads_Module.ToCreateLeadTest@59402b8f]" started-at="2023-10-20T14:50:58 IST" name="bmConfig" finished-at="2023-10-20T14:51:02 IST" duration-ms="3813" status="PASS">
          <reporter-output>
          </reporter-output>
        </test-method> <!-- bmConfig -->
        <test-method signature="toCreateALeadAndToVerifyTheLeadInformationTest()[pri:1, instance:leads_Module.ToCreateLeadTest@59402b8f]" started-at="2023-10-20T14:51:02 IST" name="toCreateALeadAndToVerifyTheLeadInformationTest" finished-at="2023-10-20T14:51:15 IST" duration-ms="13173" status="PASS">
          <reporter-output>
          </reporter-output>
        </test-method> <!-- toCreateALeadAndToVerifyTheLeadInformationTest -->
        <test-method is-config="true" signature="amConfig()[pri:0, instance:leads_Module.ToCreateLeadTest@59402b8f]" started-at="2023-10-20T14:51:15 IST" name="amConfig" finished-at="2023-10-20T14:51:17 IST" duration-ms="2131" status="PASS">
          <reporter-output>
          </reporter-output>
        </test-method> <!-- amConfig -->
        <test-method is-config="true" signature="acConfig()[pri:0, instance:leads_Module.ToCreateLeadTest@59402b8f]" started-at="2023-10-20T14:51:17 IST" name="acConfig" finished-at="2023-10-20T14:51:18 IST" duration-ms="507" status="PASS">
          <reporter-output>
          </reporter-output>
        </test-method> <!-- acConfig -->
      </class> <!-- leads_Module.ToCreateLeadTest -->
      <class name="product_Module.ToCreateAProductTest">
        <test-method is-config="true" signature="bcConfig()[pri:0, instance:product_Module.ToCreateAProductTest@7188af83]" started-at="2023-10-20T14:51:18 IST" name="bcConfig" finished-at="2023-10-20T14:51:21 IST" duration-ms="2675" status="PASS">
          <reporter-output>
          </reporter-output>
        </test-method> <!-- bcConfig -->
        <test-method is-config="true" signature="bmConfig()[pri:0, instance:product_Module.ToCreateAProductTest@7188af83]" started-at="2023-10-20T14:51:21 IST" name="bmConfig" finished-at="2023-10-20T14:51:25 IST" duration-ms="3848" status="PASS">
          <reporter-output>
          </reporter-output>
        </test-method> <!-- bmConfig -->
        <test-method signature="toCreateAProductWithVendorInformationTest()[pri:2, instance:product_Module.ToCreateAProductTest@7188af83]" started-at="2023-10-20T14:51:25 IST" name="toCreateAProductWithVendorInformationTest" finished-at="2023-10-20T14:51:48 IST" duration-ms="23575" status="PASS">
          <reporter-output>
          </reporter-output>
        </test-method> <!-- toCreateAProductWithVendorInformationTest -->
        <test-method is-config="true" signature="amConfig()[pri:0, instance:product_Module.ToCreateAProductTest@7188af83]" started-at="2023-10-20T14:51:48 IST" name="amConfig" finished-at="2023-10-20T14:51:50 IST" duration-ms="2087" status="PASS">
          <reporter-output>
          </reporter-output>
        </test-method> <!-- amConfig -->
        <test-method is-config="true" signature="acConfig()[pri:0, instance:product_Module.ToCreateAProductTest@7188af83]" started-at="2023-10-20T14:51:50 IST" name="acConfig" finished-at="2023-10-20T14:51:51 IST" duration-ms="557" status="PASS">
          <reporter-output>
          </reporter-output>
        </test-method> <!-- acConfig -->
      </class> <!-- product_Module.ToCreateAProductTest -->
    </test> <!-- Test -->
  </suite> <!-- Suite -->
</testng-results>
